<?xml version="1.0" encoding="UTF-8"?>
<!DOCTYPE html PUBLIC "-//W3C//DTD XHTML 1.0 Strict//EN" "http://www.w3.org/TR/xhtml1/DTD/xhtml1-strict.dtd">
<html xmlns="http://www.w3.org/1999/xhtml">
<head>
    <title>RPA_Console_Test</title>
    <meta name="generator" content="HTMLTestRunner 0.8.2"/>
    <meta http-equiv="Content-Type" content="text/html; charset=UTF-8"/>

    <style type="text/css" media="screen">
body        { font-family: verdana, arial, helvetica, sans-serif; font-size: 80%; }
table       { font-size: 100%; }
pre         { }

/* -- heading ---------------------------------------------------------------------- */
h1 {
	font-size: 16pt;
	color: gray;
}
.heading {
    margin-top: 0ex;
    margin-bottom: 1ex;
}

.heading .attribute {
    margin-top: 1ex;
    margin-bottom: 0;
}

.heading .description {
    margin-top: 4ex;
    margin-bottom: 6ex;
}

/* -- css div popup ------------------------------------------------------------------------ */
a.popup_link {
}

a.popup_link:hover {
    color: red;
}

.popup_window {
    display: none;
    position: relative;
    left: 0px;
    top: 0px;
    /*border: solid #627173 1px; */
    padding: 10px;
    background-color: #E6E6D6;
    font-family: "Lucida Console", "Courier New", Courier, monospace;
    text-align: left;
    font-size: 8pt;
    width: 500px;
}

}
/* -- report ------------------------------------------------------------------------ */
#show_detail_line {
    margin-top: 3ex;
    margin-bottom: 1ex;
}
#result_table {
    width: 80%;
    border-collapse: collapse;
    border: 1px solid #777;
}
#header_row {
    font-weight: bold;
    color: white;
    background-color: #777;
}
#result_table td {
    border: 1px solid #777;
    padding: 2px;
}
#total_row  { font-weight: bold; }
.passClass  { background-color: #6c6; }
.failClass  { background-color: #c60; }
.errorClass { background-color: #c00; }
.passCase   { color: #6c6; }
.failCase   { color: #c60; font-weight: bold; }
.errorCase  { color: #c00; font-weight: bold; }
.hiddenRow  { display: none; }
.testcase   { margin-left: 2em; }


/* -- ending ---------------------------------------------------------------------- */
#ending {
}



    </style>

</head>
<body>
<script language="javascript" type="text/javascript"><!--
output_list = Array();

/* level - 0:Summary; 1:Failed; 2:All */
function showCase(level) {
    trs = document.getElementsByTagName("tr");
    for (var i = 0; i < trs.length; i++) {
        tr = trs[i];
        id = tr.id;
        if (id.substr(0,2) == 'ft') {
            if (level < 1) {
                tr.className = 'hiddenRow';
            }
            else {
                tr.className = '';
            }
        }
        if (id.substr(0,2) == 'pt') {
            if (level > 1) {
                tr.className = '';
            }
            else {
                tr.className = 'hiddenRow';
            }
        }
    }
}


function showClassDetail(cid, count) {
    var id_list = Array(count);
    var toHide = 1;
    for (var i = 0; i < count; i++) {
        tid0 = 't' + cid.substr(1) + '.' + (i+1);
        tid = 'f' + tid0;
        tr = document.getElementById(tid);
        if (!tr) {
            tid = 'p' + tid0;
            tr = document.getElementById(tid);
        }
        id_list[i] = tid;
        if (tr.className) {
            toHide = 0;
        }
    }
    for (var i = 0; i < count; i++) {
        tid = id_list[i];
        if (toHide) {
            document.getElementById('div_'+tid).style.display = 'none'
            document.getElementById(tid).className = 'hiddenRow';
        }
        else {
            document.getElementById(tid).className = '';
        }
    }
}


function showTestDetail(div_id){
    var details_div = document.getElementById(div_id)
    var displayState = details_div.style.display
    // alert(displayState)
    if (displayState != 'block' ) {
        displayState = 'block'
        details_div.style.display = 'block'
    }
    else {
        details_div.style.display = 'none'
    }
}


function html_escape(s) {
    s = s.replace(/&/g,'&amp;');
    s = s.replace(/</g,'&lt;');
    s = s.replace(/>/g,'&gt;');
    return s;
}

/* obsoleted by detail in <div>
function showOutput(id, name) {
    var w = window.open("", //url
                    name,
                    "resizable,scrollbars,status,width=800,height=450");
    d = w.document;
    d.write("<pre>");
    d.write(html_escape(output_list[id]));
    d.write("\n");
    d.write("<a href='javascript:window.close()'>close</a>\n");
    d.write("</pre>\n");
    d.close();
}
*/
-->

</script>

<div class='heading'>
    <h1>RPA_Console_Test</h1>
    <p class='attribute'><strong>Start Time:</strong> 2021-04-23 14:06:18</p>
    <p class='attribute'><strong>Duration:</strong> 0:11:48.238000</p>
    <p class='attribute'><strong>Status:</strong> Pass 52 Failure 1 Error 10</p>

    <p class='description'></p>
</div>


<p id='show_detail_line'>Show
    <a href='javascript:showCase(0)'>Summary</a>
    <a href='javascript:showCase(1)'>Failed</a>
    <a href='javascript:showCase(2)'>All</a>
</p>
<table id='result_table'>
    <colgroup>
        <col align='left'/>
        <col align='right'/>
        <col align='right'/>
        <col align='right'/>
        <col align='right'/>
        <col align='right'/>
    </colgroup>
    <tr id='header_row'>
        <td>Test Group/Test case</td>
        <td>Count</td>
        <td>Pass</td>
        <td>Fail</td>
        <td>Error</td>
        <td>View</td>
    </tr>

    <tr class='errorClass'>
        <td>test_audit.auditTest</td>
        <td>3</td>
        <td>2</td>
        <td>0</td>
        <td>1</td>
        <td><a href="javascript:showClassDetail('c1',3)">Detail</a></td>
    </tr>

    <tr id='pt1.1' class='hiddenRow'>
        <td class='none'>
            <div class='testcase'>test_01</div>
        </td>
        <td colspan='5' align='center'>pass</td>
    </tr>

    <tr id='pt1.2' class='hiddenRow'>
        <td class='none'>
            <div class='testcase'>test_02</div>
        </td>
        <td colspan='5' align='center'>pass</td>
    </tr>

    <tr id='ft1.3' class='none'>
        <td class='errorCase'>
            <div class='testcase'>test_03</div>
        </td>
        <td colspan='5' align='center'>

            <!--css div popup start-->
            <a class="popup_link" onfocus='this.blur();' href="javascript:showTestDetail('div_ft1.3')">
                error</a>

            <div id='div_ft1.3' class="popup_window">
                <div style='text-align: right; color:red;cursor:pointer'>
                    <a onfocus='this.blur();' onclick="document.getElementById('div_ft1.3').style.display = 'none' ">
                        [x]</a>
                </div>
                <pre>
        
ft1.3: Traceback (most recent call last):
  File "C:\Users\caiwenjie\PycharmProjects\selenium_demo\RPA_Console_testEnv\test_case\test_audit.py", line 45, in test_03
    auditLog_Page.auditLog_menu()
  File "C:\Users\caiwenjie\PycharmProjects\selenium_demo\RPA_Console_testEnv\pageObject\auditLogPage.py", line 34, in auditLog_menu
    '/html/body/div[2]/div[3]/div/nz-option-container/div/cdk-virtual-scroll-viewport/div[1]/nz-option-item[3]/div')
  File "C:\Users\caiwenjie\PycharmProjects\selenium_demo\venv\lib\site-packages\selenium\webdriver\remote\webdriver.py", line 978, in find_element
    'value': value})['value']
  File "C:\Users\caiwenjie\PycharmProjects\selenium_demo\venv\lib\site-packages\selenium\webdriver\remote\webdriver.py", line 321, in execute
    self.error_handler.check_response(response)
  File "C:\Users\caiwenjie\PycharmProjects\selenium_demo\venv\lib\site-packages\selenium\webdriver\remote\errorhandler.py", line 242, in check_response
    raise exception_class(message, screen, stacktrace)
selenium.common.exceptions.NoSuchElementException: Message: no such element: Unable to locate element: {"method":"xpath","selector":"/html/body/div[2]/div[3]/div/nz-option-container/div/cdk-virtual-scroll-viewport/div[1]/nz-option-item[3]/div"}
  (Session info: chrome=89.0.4389.128)

Traceback (most recent call last):
  File "C:\Users\caiwenjie\PycharmProjects\selenium_demo\RPA_Console_testEnv\test_case\test_audit.py", line 45, in test_03
    auditLog_Page.auditLog_menu()
  File "C:\Users\caiwenjie\PycharmProjects\selenium_demo\RPA_Console_testEnv\pageObject\auditLogPage.py", line 34, in auditLog_menu
    '/html/body/div[2]/div[3]/div/nz-option-container/div/cdk-virtual-scroll-viewport/div[1]/nz-option-item[3]/div')
  File "C:\Users\caiwenjie\PycharmProjects\selenium_demo\venv\lib\site-packages\selenium\webdriver\remote\webdriver.py", line 978, in find_element
    'value': value})['value']
  File "C:\Users\caiwenjie\PycharmProjects\selenium_demo\venv\lib\site-packages\selenium\webdriver\remote\webdriver.py", line 321, in execute
    self.error_handler.check_response(response)
  File "C:\Users\caiwenjie\PycharmProjects\selenium_demo\venv\lib\site-packages\selenium\webdriver\remote\errorhandler.py", line 242, in check_response
    raise exception_class(message, screen, stacktrace)
selenium.common.exceptions.NoSuchElementException: Message: no such element: Unable to locate element: {"method":"xpath","selector":"/html/body/div[2]/div[3]/div/nz-option-container/div/cdk-virtual-scroll-viewport/div[1]/nz-option-item[3]/div"}
  (Session info: chrome=89.0.4389.128)



        </pre>
            </div>
            <!--css div popup end-->

        </td>
    </tr>

    <tr class='passClass'>
        <td>test_calendar.calendarTest</td>
        <td>5</td>
        <td>5</td>
        <td>0</td>
        <td>0</td>
        <td><a href="javascript:showClassDetail('c2',5)">Detail</a></td>
    </tr>

    <tr id='pt2.1' class='hiddenRow'>
        <td class='none'>
            <div class='testcase'>test_01</div>
        </td>
        <td colspan='5' align='center'>pass</td>
    </tr>

    <tr id='pt2.2' class='hiddenRow'>
        <td class='none'>
            <div class='testcase'>test_02</div>
        </td>
        <td colspan='5' align='center'>pass</td>
    </tr>

    <tr id='pt2.3' class='hiddenRow'>
        <td class='none'>
            <div class='testcase'>test_03</div>
        </td>
        <td colspan='5' align='center'>

            <!--css div popup start-->
            <a class="popup_link" onfocus='this.blur();' href="javascript:showTestDetail('div_pt2.3')">
                pass</a>

            <div id='div_pt2.3' class="popup_window">
                <div style='text-align: right; color:red;cursor:pointer'>
                    <a onfocus='this.blur();' onclick="document.getElementById('div_pt2.3').style.display = 'none' ">
                        [x]</a>
                </div>
                <pre>
        
pt2.3: 

        </pre>
            </div>
            <!--css div popup end-->

        </td>
    </tr>

    <tr id='pt2.4' class='hiddenRow'>
        <td class='none'>
            <div class='testcase'>test_04</div>
        </td>
        <td colspan='5' align='center'>

            <!--css div popup start-->
            <a class="popup_link" onfocus='this.blur();' href="javascript:showTestDetail('div_pt2.4')">
                pass</a>

            <div id='div_pt2.4' class="popup_window">
                <div style='text-align: right; color:red;cursor:pointer'>
                    <a onfocus='this.blur();' onclick="document.getElementById('div_pt2.4').style.display = 'none' ">
                        [x]</a>
                </div>
                <pre>
        
pt2.4: 

        </pre>
            </div>
            <!--css div popup end-->

        </td>
    </tr>

    <tr id='pt2.5' class='hiddenRow'>
        <td class='none'>
            <div class='testcase'>test_05</div>
        </td>
        <td colspan='5' align='center'>

            <!--css div popup start-->
            <a class="popup_link" onfocus='this.blur();' href="javascript:showTestDetail('div_pt2.5')">
                pass</a>

            <div id='div_pt2.5' class="popup_window">
                <div style='text-align: right; color:red;cursor:pointer'>
                    <a onfocus='this.blur();' onclick="document.getElementById('div_pt2.5').style.display = 'none' ">
                        [x]</a>
                </div>
                <pre>
        
pt2.5: 

        </pre>
            </div>
            <!--css div popup end-->

        </td>
    </tr>

    <tr class='errorClass'>
        <td>test_dataAssets.tenantTest</td>
        <td>3</td>
        <td>2</td>
        <td>0</td>
        <td>1</td>
        <td><a href="javascript:showClassDetail('c3',3)">Detail</a></td>
    </tr>

    <tr id='pt3.1' class='hiddenRow'>
        <td class='none'>
            <div class='testcase'>test_01</div>
        </td>
        <td colspan='5' align='center'>pass</td>
    </tr>

    <tr id='pt3.2' class='hiddenRow'>
        <td class='none'>
            <div class='testcase'>test_02</div>
        </td>
        <td colspan='5' align='center'>pass</td>
    </tr>

    <tr id='ft3.3' class='none'>
        <td class='errorCase'>
            <div class='testcase'>test_03</div>
        </td>
        <td colspan='5' align='center'>

            <!--css div popup start-->
            <a class="popup_link" onfocus='this.blur();' href="javascript:showTestDetail('div_ft3.3')">
                error</a>

            <div id='div_ft3.3' class="popup_window">
                <div style='text-align: right; color:red;cursor:pointer'>
                    <a onfocus='this.blur();' onclick="document.getElementById('div_ft3.3').style.display = 'none' ">
                        [x]</a>
                </div>
                <pre>
        
ft3.3: Traceback (most recent call last):
  File "C:\Users\caiwenjie\PycharmProjects\selenium_demo\RPA_Console_testEnv\test_case\test_dataAssets.py", line 45, in test_03
    dataAsset_Page.dataAssets_menu()
  File "C:\Users\caiwenjie\PycharmProjects\selenium_demo\RPA_Console_testEnv\pageObject\dataAssetPage.py", line 48, in dataAssets_menu
    item_text=self.driver.find_element(By.XPATH,'/html/body/div[2]/div[3]/div/nz-option-container/div/cdk-virtual-scroll-viewport/div[1]/nz-option-item[2]')
  File "C:\Users\caiwenjie\PycharmProjects\selenium_demo\venv\lib\site-packages\selenium\webdriver\remote\webdriver.py", line 978, in find_element
    'value': value})['value']
  File "C:\Users\caiwenjie\PycharmProjects\selenium_demo\venv\lib\site-packages\selenium\webdriver\remote\webdriver.py", line 321, in execute
    self.error_handler.check_response(response)
  File "C:\Users\caiwenjie\PycharmProjects\selenium_demo\venv\lib\site-packages\selenium\webdriver\remote\errorhandler.py", line 242, in check_response
    raise exception_class(message, screen, stacktrace)
selenium.common.exceptions.NoSuchElementException: Message: no such element: Unable to locate element: {"method":"xpath","selector":"/html/body/div[2]/div[3]/div/nz-option-container/div/cdk-virtual-scroll-viewport/div[1]/nz-option-item[2]"}
  (Session info: chrome=89.0.4389.128)

Traceback (most recent call last):
  File "C:\Users\caiwenjie\PycharmProjects\selenium_demo\RPA_Console_testEnv\test_case\test_dataAssets.py", line 45, in test_03
    dataAsset_Page.dataAssets_menu()
  File "C:\Users\caiwenjie\PycharmProjects\selenium_demo\RPA_Console_testEnv\pageObject\dataAssetPage.py", line 48, in dataAssets_menu
    item_text=self.driver.find_element(By.XPATH,'/html/body/div[2]/div[3]/div/nz-option-container/div/cdk-virtual-scroll-viewport/div[1]/nz-option-item[2]')
  File "C:\Users\caiwenjie\PycharmProjects\selenium_demo\venv\lib\site-packages\selenium\webdriver\remote\webdriver.py", line 978, in find_element
    'value': value})['value']
  File "C:\Users\caiwenjie\PycharmProjects\selenium_demo\venv\lib\site-packages\selenium\webdriver\remote\webdriver.py", line 321, in execute
    self.error_handler.check_response(response)
  File "C:\Users\caiwenjie\PycharmProjects\selenium_demo\venv\lib\site-packages\selenium\webdriver\remote\errorhandler.py", line 242, in check_response
    raise exception_class(message, screen, stacktrace)
selenium.common.exceptions.NoSuchElementException: Message: no such element: Unable to locate element: {"method":"xpath","selector":"/html/body/div[2]/div[3]/div/nz-option-container/div/cdk-virtual-scroll-viewport/div[1]/nz-option-item[2]"}
  (Session info: chrome=89.0.4389.128)



        </pre>
            </div>
            <!--css div popup end-->

        </td>
    </tr>

    <tr class='passClass'>
        <td>test_enterTenat.login_tentant_Test</td>
        <td>2</td>
        <td>2</td>
        <td>0</td>
        <td>0</td>
        <td><a href="javascript:showClassDetail('c4',2)">Detail</a></td>
    </tr>

    <tr id='pt4.1' class='hiddenRow'>
        <td class='none'>
            <div class='testcase'>test_01</div>
        </td>
        <td colspan='5' align='center'>pass</td>
    </tr>

    <tr id='pt4.2' class='hiddenRow'>
        <td class='none'>
            <div class='testcase'>test_02</div>
        </td>
        <td colspan='5' align='center'>pass</td>
    </tr>

    <tr class='passClass'>
        <td>test_jobs.calendarTest</td>
        <td>9</td>
        <td>9</td>
        <td>0</td>
        <td>0</td>
        <td><a href="javascript:showClassDetail('c5',9)">Detail</a></td>
    </tr>

    <tr id='pt5.1' class='hiddenRow'>
        <td class='none'>
            <div class='testcase'>test_01</div>
        </td>
        <td colspan='5' align='center'>pass</td>
    </tr>

    <tr id='pt5.2' class='hiddenRow'>
        <td class='none'>
            <div class='testcase'>test_02</div>
        </td>
        <td colspan='5' align='center'>pass</td>
    </tr>

    <tr id='pt5.3' class='hiddenRow'>
        <td class='none'>
            <div class='testcase'>test_03</div>
        </td>
        <td colspan='5' align='center'>

            <!--css div popup start-->
            <a class="popup_link" onfocus='this.blur();' href="javascript:showTestDetail('div_pt5.3')">
                pass</a>

            <div id='div_pt5.3' class="popup_window">
                <div style='text-align: right; color:red;cursor:pointer'>
                    <a onfocus='this.blur();' onclick="document.getElementById('div_pt5.3').style.display = 'none' ">
                        [x]</a>
                </div>
                <pre>
        
pt5.3: 

        </pre>
            </div>
            <!--css div popup end-->

        </td>
    </tr>

    <tr id='pt5.4' class='hiddenRow'>
        <td class='none'>
            <div class='testcase'>test_04</div>
        </td>
        <td colspan='5' align='center'>

            <!--css div popup start-->
            <a class="popup_link" onfocus='this.blur();' href="javascript:showTestDetail('div_pt5.4')">
                pass</a>

            <div id='div_pt5.4' class="popup_window">
                <div style='text-align: right; color:red;cursor:pointer'>
                    <a onfocus='this.blur();' onclick="document.getElementById('div_pt5.4').style.display = 'none' ">
                        [x]</a>
                </div>
                <pre>
        
pt5.4: 

        </pre>
            </div>
            <!--css div popup end-->

        </td>
    </tr>

    <tr id='pt5.5' class='hiddenRow'>
        <td class='none'>
            <div class='testcase'>test_05</div>
        </td>
        <td colspan='5' align='center'>

            <!--css div popup start-->
            <a class="popup_link" onfocus='this.blur();' href="javascript:showTestDetail('div_pt5.5')">
                pass</a>

            <div id='div_pt5.5' class="popup_window">
                <div style='text-align: right; color:red;cursor:pointer'>
                    <a onfocus='this.blur();' onclick="document.getElementById('div_pt5.5').style.display = 'none' ">
                        [x]</a>
                </div>
                <pre>
        
pt5.5: 

        </pre>
            </div>
            <!--css div popup end-->

        </td>
    </tr>

    <tr id='pt5.6' class='hiddenRow'>
        <td class='none'>
            <div class='testcase'>test_10</div>
        </td>
        <td colspan='5' align='center'>

            <!--css div popup start-->
            <a class="popup_link" onfocus='this.blur();' href="javascript:showTestDetail('div_pt5.6')">
                pass</a>

            <div id='div_pt5.6' class="popup_window">
                <div style='text-align: right; color:red;cursor:pointer'>
                    <a onfocus='this.blur();' onclick="document.getElementById('div_pt5.6').style.display = 'none' ">
                        [x]</a>
                </div>
                <pre>
        
pt5.6: 

        </pre>
            </div>
            <!--css div popup end-->

        </td>
    </tr>

    <tr id='pt5.7' class='hiddenRow'>
        <td class='none'>
            <div class='testcase'>test_11</div>
        </td>
        <td colspan='5' align='center'>

            <!--css div popup start-->
            <a class="popup_link" onfocus='this.blur();' href="javascript:showTestDetail('div_pt5.7')">
                pass</a>

            <div id='div_pt5.7' class="popup_window">
                <div style='text-align: right; color:red;cursor:pointer'>
                    <a onfocus='this.blur();' onclick="document.getElementById('div_pt5.7').style.display = 'none' ">
                        [x]</a>
                </div>
                <pre>
        
pt5.7: 

        </pre>
            </div>
            <!--css div popup end-->

        </td>
    </tr>

    <tr id='pt5.8' class='hiddenRow'>
        <td class='none'>
            <div class='testcase'>test_12</div>
        </td>
        <td colspan='5' align='center'>

            <!--css div popup start-->
            <a class="popup_link" onfocus='this.blur();' href="javascript:showTestDetail('div_pt5.8')">
                pass</a>

            <div id='div_pt5.8' class="popup_window">
                <div style='text-align: right; color:red;cursor:pointer'>
                    <a onfocus='this.blur();' onclick="document.getElementById('div_pt5.8').style.display = 'none' ">
                        [x]</a>
                </div>
                <pre>
        
pt5.8: 

        </pre>
            </div>
            <!--css div popup end-->

        </td>
    </tr>

    <tr id='pt5.9' class='hiddenRow'>
        <td class='none'>
            <div class='testcase'>test_13</div>
        </td>
        <td colspan='5' align='center'>pass</td>
    </tr>

    <tr class='errorClass'>
        <td>test_library.libraryTest</td>
        <td>3</td>
        <td>2</td>
        <td>0</td>
        <td>1</td>
        <td><a href="javascript:showClassDetail('c6',3)">Detail</a></td>
    </tr>

    <tr id='pt6.1' class='hiddenRow'>
        <td class='none'>
            <div class='testcase'>test_01</div>
        </td>
        <td colspan='5' align='center'>pass</td>
    </tr>

    <tr id='pt6.2' class='hiddenRow'>
        <td class='none'>
            <div class='testcase'>test_02</div>
        </td>
        <td colspan='5' align='center'>pass</td>
    </tr>

    <tr id='ft6.3' class='none'>
        <td class='errorCase'>
            <div class='testcase'>test_03</div>
        </td>
        <td colspan='5' align='center'>

            <!--css div popup start-->
            <a class="popup_link" onfocus='this.blur();' href="javascript:showTestDetail('div_ft6.3')">
                error</a>

            <div id='div_ft6.3' class="popup_window">
                <div style='text-align: right; color:red;cursor:pointer'>
                    <a onfocus='this.blur();' onclick="document.getElementById('div_ft6.3').style.display = 'none' ">
                        [x]</a>
                </div>
                <pre>
        
ft6.3: Traceback (most recent call last):
  File "C:\Users\caiwenjie\PycharmProjects\selenium_demo\RPA_Console_testEnv\test_case\test_library.py", line 45, in test_03
    library_Page.library_menu()
  File "C:\Users\caiwenjie\PycharmProjects\selenium_demo\RPA_Console_testEnv\pageObject\libraryPage.py", line 36, in library_menu
    version_dialog_closeBtn=self.driver.find_element(By.XPATH,'/html/body/div[2]/div[3]/div/nz-modal-container/div/div/button')
  File "C:\Users\caiwenjie\PycharmProjects\selenium_demo\venv\lib\site-packages\selenium\webdriver\remote\webdriver.py", line 978, in find_element
    'value': value})['value']
  File "C:\Users\caiwenjie\PycharmProjects\selenium_demo\venv\lib\site-packages\selenium\webdriver\remote\webdriver.py", line 321, in execute
    self.error_handler.check_response(response)
  File "C:\Users\caiwenjie\PycharmProjects\selenium_demo\venv\lib\site-packages\selenium\webdriver\remote\errorhandler.py", line 242, in check_response
    raise exception_class(message, screen, stacktrace)
selenium.common.exceptions.NoSuchElementException: Message: no such element: Unable to locate element: {"method":"xpath","selector":"/html/body/div[2]/div[3]/div/nz-modal-container/div/div/button"}
  (Session info: chrome=89.0.4389.128)

Traceback (most recent call last):
  File "C:\Users\caiwenjie\PycharmProjects\selenium_demo\RPA_Console_testEnv\test_case\test_library.py", line 45, in test_03
    library_Page.library_menu()
  File "C:\Users\caiwenjie\PycharmProjects\selenium_demo\RPA_Console_testEnv\pageObject\libraryPage.py", line 36, in library_menu
    version_dialog_closeBtn=self.driver.find_element(By.XPATH,'/html/body/div[2]/div[3]/div/nz-modal-container/div/div/button')
  File "C:\Users\caiwenjie\PycharmProjects\selenium_demo\venv\lib\site-packages\selenium\webdriver\remote\webdriver.py", line 978, in find_element
    'value': value})['value']
  File "C:\Users\caiwenjie\PycharmProjects\selenium_demo\venv\lib\site-packages\selenium\webdriver\remote\webdriver.py", line 321, in execute
    self.error_handler.check_response(response)
  File "C:\Users\caiwenjie\PycharmProjects\selenium_demo\venv\lib\site-packages\selenium\webdriver\remote\errorhandler.py", line 242, in check_response
    raise exception_class(message, screen, stacktrace)
selenium.common.exceptions.NoSuchElementException: Message: no such element: Unable to locate element: {"method":"xpath","selector":"/html/body/div[2]/div[3]/div/nz-modal-container/div/div/button"}
  (Session info: chrome=89.0.4389.128)



        </pre>
            </div>
            <!--css div popup end-->

        </td>
    </tr>

    <tr class='passClass'>
        <td>test_license.licenseTest</td>
        <td>3</td>
        <td>3</td>
        <td>0</td>
        <td>0</td>
        <td><a href="javascript:showClassDetail('c7',3)">Detail</a></td>
    </tr>

    <tr id='pt7.1' class='hiddenRow'>
        <td class='none'>
            <div class='testcase'>test_01</div>
        </td>
        <td colspan='5' align='center'>pass</td>
    </tr>

    <tr id='pt7.2' class='hiddenRow'>
        <td class='none'>
            <div class='testcase'>test_02</div>
        </td>
        <td colspan='5' align='center'>pass</td>
    </tr>

    <tr id='pt7.3' class='hiddenRow'>
        <td class='none'>
            <div class='testcase'>test_03</div>
        </td>
        <td colspan='5' align='center'>pass</td>
    </tr>

    <tr class='passClass'>
        <td>test_login.loginTest</td>
        <td>1</td>
        <td>1</td>
        <td>0</td>
        <td>0</td>
        <td><a href="javascript:showClassDetail('c8',1)">Detail</a></td>
    </tr>

    <tr id='pt8.1' class='hiddenRow'>
        <td class='none'>
            <div class='testcase'>test_01</div>
        </td>
        <td colspan='5' align='center'>pass</td>
    </tr>

    <tr class='passClass'>
        <td>test_manual_tasks.calendarTest</td>
        <td>3</td>
        <td>3</td>
        <td>0</td>
        <td>0</td>
        <td><a href="javascript:showClassDetail('c9',3)">Detail</a></td>
    </tr>

    <tr id='pt9.1' class='hiddenRow'>
        <td class='none'>
            <div class='testcase'>test_01</div>
        </td>
        <td colspan='5' align='center'>pass</td>
    </tr>

    <tr id='pt9.2' class='hiddenRow'>
        <td class='none'>
            <div class='testcase'>test_02</div>
        </td>
        <td colspan='5' align='center'>pass</td>
    </tr>

    <tr id='pt9.3' class='hiddenRow'>
        <td class='none'>
            <div class='testcase'>test_03</div>
        </td>
        <td colspan='5' align='center'>

            <!--css div popup start-->
            <a class="popup_link" onfocus='this.blur();' href="javascript:showTestDetail('div_pt9.3')">
                pass</a>

            <div id='div_pt9.3' class="popup_window">
                <div style='text-align: right; color:red;cursor:pointer'>
                    <a onfocus='this.blur();' onclick="document.getElementById('div_pt9.3').style.display = 'none' ">
                        [x]</a>
                </div>
                <pre>
        
pt9.3: 

        </pre>
            </div>
            <!--css div popup end-->

        </td>
    </tr>

    <tr class='passClass'>
        <td>test_notification.notificationTest</td>
        <td>3</td>
        <td>3</td>
        <td>0</td>
        <td>0</td>
        <td><a href="javascript:showClassDetail('c10',3)">Detail</a></td>
    </tr>

    <tr id='pt10.1' class='hiddenRow'>
        <td class='none'>
            <div class='testcase'>test_01</div>
        </td>
        <td colspan='5' align='center'>pass</td>
    </tr>

    <tr id='pt10.2' class='hiddenRow'>
        <td class='none'>
            <div class='testcase'>test_02</div>
        </td>
        <td colspan='5' align='center'>pass</td>
    </tr>

    <tr id='pt10.3' class='hiddenRow'>
        <td class='none'>
            <div class='testcase'>test_03</div>
        </td>
        <td colspan='5' align='center'>

            <!--css div popup start-->
            <a class="popup_link" onfocus='this.blur();' href="javascript:showTestDetail('div_pt10.3')">
                pass</a>

            <div id='div_pt10.3' class="popup_window">
                <div style='text-align: right; color:red;cursor:pointer'>
                    <a onfocus='this.blur();' onclick="document.getElementById('div_pt10.3').style.display = 'none' ">
                        [x]</a>
                </div>
                <pre>
        
pt10.3: 

        </pre>
            </div>
            <!--css div popup end-->

        </td>
    </tr>

    <tr class='errorClass'>
        <td>test_organization.organizationTest</td>
        <td>3</td>
        <td>2</td>
        <td>0</td>
        <td>1</td>
        <td><a href="javascript:showClassDetail('c11',3)">Detail</a></td>
    </tr>

    <tr id='pt11.1' class='hiddenRow'>
        <td class='none'>
            <div class='testcase'>test_01</div>
        </td>
        <td colspan='5' align='center'>pass</td>
    </tr>

    <tr id='pt11.2' class='hiddenRow'>
        <td class='none'>
            <div class='testcase'>test_02</div>
        </td>
        <td colspan='5' align='center'>pass</td>
    </tr>

    <tr id='ft11.3' class='none'>
        <td class='errorCase'>
            <div class='testcase'>test_03</div>
        </td>
        <td colspan='5' align='center'>

            <!--css div popup start-->
            <a class="popup_link" onfocus='this.blur();' href="javascript:showTestDetail('div_ft11.3')">
                error</a>

            <div id='div_ft11.3' class="popup_window">
                <div style='text-align: right; color:red;cursor:pointer'>
                    <a onfocus='this.blur();' onclick="document.getElementById('div_ft11.3').style.display = 'none' ">
                        [x]</a>
                </div>
                <pre>
        
ft11.3: Traceback (most recent call last):
  File "C:\Users\caiwenjie\PycharmProjects\selenium_demo\RPA_Console_testEnv\test_case\test_organization.py", line 45, in test_03
    organization_page.organization_menu()
  File "C:\Users\caiwenjie\PycharmProjects\selenium_demo\RPA_Console_testEnv\pageObject\organizationPage.py", line 31, in organization_menu
    self.org_add_subDepartment('UIAuto_DP')
  File "C:\Users\caiwenjie\PycharmProjects\selenium_demo\RPA_Console_testEnv\pageObject\organizationPage.py", line 113, in org_add_subDepartment
    '/html/body/div[2]/div[3]/div/nz-modal-container/div/div/div[2]/form/section/nz-form-item/nz-form-control/div/div/input')
  File "C:\Users\caiwenjie\PycharmProjects\selenium_demo\venv\lib\site-packages\selenium\webdriver\remote\webdriver.py", line 978, in find_element
    'value': value})['value']
  File "C:\Users\caiwenjie\PycharmProjects\selenium_demo\venv\lib\site-packages\selenium\webdriver\remote\webdriver.py", line 321, in execute
    self.error_handler.check_response(response)
  File "C:\Users\caiwenjie\PycharmProjects\selenium_demo\venv\lib\site-packages\selenium\webdriver\remote\errorhandler.py", line 242, in check_response
    raise exception_class(message, screen, stacktrace)
selenium.common.exceptions.NoSuchElementException: Message: no such element: Unable to locate element: {"method":"xpath","selector":"/html/body/div[2]/div[3]/div/nz-modal-container/div/div/div[2]/form/section/nz-form-item/nz-form-control/div/div/input"}
  (Session info: chrome=89.0.4389.128)

Traceback (most recent call last):
  File "C:\Users\caiwenjie\PycharmProjects\selenium_demo\RPA_Console_testEnv\test_case\test_organization.py", line 45, in test_03
    organization_page.organization_menu()
  File "C:\Users\caiwenjie\PycharmProjects\selenium_demo\RPA_Console_testEnv\pageObject\organizationPage.py", line 31, in organization_menu
    self.org_add_subDepartment('UIAuto_DP')
  File "C:\Users\caiwenjie\PycharmProjects\selenium_demo\RPA_Console_testEnv\pageObject\organizationPage.py", line 113, in org_add_subDepartment
    '/html/body/div[2]/div[3]/div/nz-modal-container/div/div/div[2]/form/section/nz-form-item/nz-form-control/div/div/input')
  File "C:\Users\caiwenjie\PycharmProjects\selenium_demo\venv\lib\site-packages\selenium\webdriver\remote\webdriver.py", line 978, in find_element
    'value': value})['value']
  File "C:\Users\caiwenjie\PycharmProjects\selenium_demo\venv\lib\site-packages\selenium\webdriver\remote\webdriver.py", line 321, in execute
    self.error_handler.check_response(response)
  File "C:\Users\caiwenjie\PycharmProjects\selenium_demo\venv\lib\site-packages\selenium\webdriver\remote\errorhandler.py", line 242, in check_response
    raise exception_class(message, screen, stacktrace)
selenium.common.exceptions.NoSuchElementException: Message: no such element: Unable to locate element: {"method":"xpath","selector":"/html/body/div[2]/div[3]/div/nz-modal-container/div/div/div[2]/form/section/nz-form-item/nz-form-control/div/div/input"}
  (Session info: chrome=89.0.4389.128)



        </pre>
            </div>
            <!--css div popup end-->

        </td>
    </tr>

    <tr class='errorClass'>
        <td>test_process.processTest</td>
        <td>3</td>
        <td>2</td>
        <td>0</td>
        <td>1</td>
        <td><a href="javascript:showClassDetail('c12',3)">Detail</a></td>
    </tr>

    <tr id='pt12.1' class='hiddenRow'>
        <td class='none'>
            <div class='testcase'>test_01</div>
        </td>
        <td colspan='5' align='center'>pass</td>
    </tr>

    <tr id='pt12.2' class='hiddenRow'>
        <td class='none'>
            <div class='testcase'>test_02</div>
        </td>
        <td colspan='5' align='center'>pass</td>
    </tr>

    <tr id='ft12.3' class='none'>
        <td class='errorCase'>
            <div class='testcase'>test_03</div>
        </td>
        <td colspan='5' align='center'>

            <!--css div popup start-->
            <a class="popup_link" onfocus='this.blur();' href="javascript:showTestDetail('div_ft12.3')">
                error</a>

            <div id='div_ft12.3' class="popup_window">
                <div style='text-align: right; color:red;cursor:pointer'>
                    <a onfocus='this.blur();' onclick="document.getElementById('div_ft12.3').style.display = 'none' ">
                        [x]</a>
                </div>
                <pre>
        
ft12.3: Traceback (most recent call last):
  File "C:\Users\caiwenjie\PycharmProjects\selenium_demo\RPA_Console_testEnv\test_case\test_process.py", line 45, in test_03
    process_Page.applications_menu()
  File "C:\Users\caiwenjie\PycharmProjects\selenium_demo\RPA_Console_testEnv\pageObject\processPage.py", line 37, in applications_menu
    history_version_closeBtn=self.driver.find_element(By.XPATH,'/html/body/div[2]/div[3]/div/nz-modal-container/div/div/button')
  File "C:\Users\caiwenjie\PycharmProjects\selenium_demo\venv\lib\site-packages\selenium\webdriver\remote\webdriver.py", line 978, in find_element
    'value': value})['value']
  File "C:\Users\caiwenjie\PycharmProjects\selenium_demo\venv\lib\site-packages\selenium\webdriver\remote\webdriver.py", line 321, in execute
    self.error_handler.check_response(response)
  File "C:\Users\caiwenjie\PycharmProjects\selenium_demo\venv\lib\site-packages\selenium\webdriver\remote\errorhandler.py", line 242, in check_response
    raise exception_class(message, screen, stacktrace)
selenium.common.exceptions.NoSuchElementException: Message: no such element: Unable to locate element: {"method":"xpath","selector":"/html/body/div[2]/div[3]/div/nz-modal-container/div/div/button"}
  (Session info: chrome=89.0.4389.128)

Traceback (most recent call last):
  File "C:\Users\caiwenjie\PycharmProjects\selenium_demo\RPA_Console_testEnv\test_case\test_process.py", line 45, in test_03
    process_Page.applications_menu()
  File "C:\Users\caiwenjie\PycharmProjects\selenium_demo\RPA_Console_testEnv\pageObject\processPage.py", line 37, in applications_menu
    history_version_closeBtn=self.driver.find_element(By.XPATH,'/html/body/div[2]/div[3]/div/nz-modal-container/div/div/button')
  File "C:\Users\caiwenjie\PycharmProjects\selenium_demo\venv\lib\site-packages\selenium\webdriver\remote\webdriver.py", line 978, in find_element
    'value': value})['value']
  File "C:\Users\caiwenjie\PycharmProjects\selenium_demo\venv\lib\site-packages\selenium\webdriver\remote\webdriver.py", line 321, in execute
    self.error_handler.check_response(response)
  File "C:\Users\caiwenjie\PycharmProjects\selenium_demo\venv\lib\site-packages\selenium\webdriver\remote\errorhandler.py", line 242, in check_response
    raise exception_class(message, screen, stacktrace)
selenium.common.exceptions.NoSuchElementException: Message: no such element: Unable to locate element: {"method":"xpath","selector":"/html/body/div[2]/div[3]/div/nz-modal-container/div/div/button"}
  (Session info: chrome=89.0.4389.128)



        </pre>
            </div>
            <!--css div popup end-->

        </td>
    </tr>

    <tr class='passClass'>
        <td>test_robots.robotsTest</td>
        <td>3</td>
        <td>3</td>
        <td>0</td>
        <td>0</td>
        <td><a href="javascript:showClassDetail('c13',3)">Detail</a></td>
    </tr>

    <tr id='pt13.1' class='hiddenRow'>
        <td class='none'>
            <div class='testcase'>test_01</div>
        </td>
        <td colspan='5' align='center'>pass</td>
    </tr>

    <tr id='pt13.2' class='hiddenRow'>
        <td class='none'>
            <div class='testcase'>test_02</div>
        </td>
        <td colspan='5' align='center'>pass</td>
    </tr>

    <tr id='pt13.3' class='hiddenRow'>
        <td class='none'>
            <div class='testcase'>test_03</div>
        </td>
        <td colspan='5' align='center'>pass</td>
    </tr>

    <tr class='passClass'>
        <td>test_roles.rolesTest</td>
        <td>3</td>
        <td>3</td>
        <td>0</td>
        <td>0</td>
        <td><a href="javascript:showClassDetail('c14',3)">Detail</a></td>
    </tr>

    <tr id='pt14.1' class='hiddenRow'>
        <td class='none'>
            <div class='testcase'>test_01</div>
        </td>
        <td colspan='5' align='center'>pass</td>
    </tr>

    <tr id='pt14.2' class='hiddenRow'>
        <td class='none'>
            <div class='testcase'>test_02</div>
        </td>
        <td colspan='5' align='center'>pass</td>
    </tr>

    <tr id='pt14.3' class='hiddenRow'>
        <td class='none'>
            <div class='testcase'>test_03</div>
        </td>
        <td colspan='5' align='center'>

            <!--css div popup start-->
            <a class="popup_link" onfocus='this.blur();' href="javascript:showTestDetail('div_pt14.3')">
                pass</a>

            <div id='div_pt14.3' class="popup_window">
                <div style='text-align: right; color:red;cursor:pointer'>
                    <a onfocus='this.blur();' onclick="document.getElementById('div_pt14.3').style.display = 'none' ">
                        [x]</a>
                </div>
                <pre>
        
pt14.3: 

        </pre>
            </div>
            <!--css div popup end-->

        </td>
    </tr>

    <tr class='errorClass'>
        <td>test_tenant.tenantTest</td>
        <td>3</td>
        <td>2</td>
        <td>0</td>
        <td>1</td>
        <td><a href="javascript:showClassDetail('c15',3)">Detail</a></td>
    </tr>

    <tr id='pt15.1' class='hiddenRow'>
        <td class='none'>
            <div class='testcase'>test_01</div>
        </td>
        <td colspan='5' align='center'>pass</td>
    </tr>

    <tr id='pt15.2' class='hiddenRow'>
        <td class='none'>
            <div class='testcase'>test_02</div>
        </td>
        <td colspan='5' align='center'>pass</td>
    </tr>

    <tr id='ft15.3' class='none'>
        <td class='errorCase'>
            <div class='testcase'>test_03</div>
        </td>
        <td colspan='5' align='center'>

            <!--css div popup start-->
            <a class="popup_link" onfocus='this.blur();' href="javascript:showTestDetail('div_ft15.3')">
                error</a>

            <div id='div_ft15.3' class="popup_window">
                <div style='text-align: right; color:red;cursor:pointer'>
                    <a onfocus='this.blur();' onclick="document.getElementById('div_ft15.3').style.display = 'none' ">
                        [x]</a>
                </div>
                <pre>
        
ft15.3: Traceback (most recent call last):
  File "C:\Users\caiwenjie\PycharmProjects\selenium_demo\RPA_Console_testEnv\test_case\test_tenant.py", line 45, in test_03
    tenant_Page.tenant_menu()
  File "C:\Users\caiwenjie\PycharmProjects\selenium_demo\RPA_Console_testEnv\pageObject\tenantPage.py", line 34, in tenant_menu
    '/html/body/div[2]/div[3]/div/nz-modal-container/div/div/div[2]/form/nz-form-item[1]/nz-form-control/div/div/input')
  File "C:\Users\caiwenjie\PycharmProjects\selenium_demo\venv\lib\site-packages\selenium\webdriver\remote\webdriver.py", line 978, in find_element
    'value': value})['value']
  File "C:\Users\caiwenjie\PycharmProjects\selenium_demo\venv\lib\site-packages\selenium\webdriver\remote\webdriver.py", line 321, in execute
    self.error_handler.check_response(response)
  File "C:\Users\caiwenjie\PycharmProjects\selenium_demo\venv\lib\site-packages\selenium\webdriver\remote\errorhandler.py", line 242, in check_response
    raise exception_class(message, screen, stacktrace)
selenium.common.exceptions.NoSuchElementException: Message: no such element: Unable to locate element: {"method":"xpath","selector":"/html/body/div[2]/div[3]/div/nz-modal-container/div/div/div[2]/form/nz-form-item[1]/nz-form-control/div/div/input"}
  (Session info: chrome=89.0.4389.128)

Traceback (most recent call last):
  File "C:\Users\caiwenjie\PycharmProjects\selenium_demo\RPA_Console_testEnv\test_case\test_tenant.py", line 45, in test_03
    tenant_Page.tenant_menu()
  File "C:\Users\caiwenjie\PycharmProjects\selenium_demo\RPA_Console_testEnv\pageObject\tenantPage.py", line 34, in tenant_menu
    '/html/body/div[2]/div[3]/div/nz-modal-container/div/div/div[2]/form/nz-form-item[1]/nz-form-control/div/div/input')
  File "C:\Users\caiwenjie\PycharmProjects\selenium_demo\venv\lib\site-packages\selenium\webdriver\remote\webdriver.py", line 978, in find_element
    'value': value})['value']
  File "C:\Users\caiwenjie\PycharmProjects\selenium_demo\venv\lib\site-packages\selenium\webdriver\remote\webdriver.py", line 321, in execute
    self.error_handler.check_response(response)
  File "C:\Users\caiwenjie\PycharmProjects\selenium_demo\venv\lib\site-packages\selenium\webdriver\remote\errorhandler.py", line 242, in check_response
    raise exception_class(message, screen, stacktrace)
selenium.common.exceptions.NoSuchElementException: Message: no such element: Unable to locate element: {"method":"xpath","selector":"/html/body/div[2]/div[3]/div/nz-modal-container/div/div/div[2]/form/nz-form-item[1]/nz-form-control/div/div/input"}
  (Session info: chrome=89.0.4389.128)



        </pre>
            </div>
            <!--css div popup end-->

        </td>
    </tr>

    <tr class='errorClass'>
        <td>test_timing_dynamic_tasks.calendarTest</td>
        <td>7</td>
        <td>2</td>
        <td>1</td>
        <td>4</td>
        <td><a href="javascript:showClassDetail('c16',7)">Detail</a></td>
    </tr>

    <tr id='pt16.1' class='hiddenRow'>
        <td class='none'>
            <div class='testcase'>test_01</div>
        </td>
        <td colspan='5' align='center'>pass</td>
    </tr>

    <tr id='pt16.2' class='hiddenRow'>
        <td class='none'>
            <div class='testcase'>test_02</div>
        </td>
        <td colspan='5' align='center'>pass</td>
    </tr>

    <tr id='ft16.3' class='none'>
        <td class='failCase'>
            <div class='testcase'>test_03</div>
        </td>
        <td colspan='5' align='center'>

            <!--css div popup start-->
            <a class="popup_link" onfocus='this.blur();' href="javascript:showTestDetail('div_ft16.3')">
                fail</a>

            <div id='div_ft16.3' class="popup_window">
                <div style='text-align: right; color:red;cursor:pointer'>
                    <a onfocus='this.blur();' onclick="document.getElementById('div_ft16.3').style.display = 'none' ">
                        [x]</a>
                </div>
                <pre>
        
ft16.3: Traceback (most recent call last):
  File "C:\Users\caiwenjie\PycharmProjects\selenium_demo\RPA_Console_testEnv\test_case\test_timing_dynamic_tasks.py", line 35, in test_03
    self.assertEqual(self.driver.current_url,'http://rpa-test.datagrand.com/#/rpa/task-list/create-task?taskId=_NEW_')
AssertionError: 'http://rpa-test.datagrand.com/#/rpa/task-list' != 'http://rpa-test.datagrand.com/#/rpa/task-list/create-task?taskId=_NEW_'
- http://rpa-test.datagrand.com/#/rpa/task-list
+ http://rpa-test.datagrand.com/#/rpa/task-list/create-task?taskId=_NEW_
?                                              +++++++++++++++++++++++++

Traceback (most recent call last):
  File "C:\Users\caiwenjie\PycharmProjects\selenium_demo\RPA_Console_testEnv\test_case\test_timing_dynamic_tasks.py", line 35, in test_03
    self.assertEqual(self.driver.current_url,'http://rpa-test.datagrand.com/#/rpa/task-list/create-task?taskId=_NEW_')
AssertionError: 'http://rpa-test.datagrand.com/#/rpa/task-list' != 'http://rpa-test.datagrand.com/#/rpa/task-list/create-task?taskId=_NEW_'
- http://rpa-test.datagrand.com/#/rpa/task-list
+ http://rpa-test.datagrand.com/#/rpa/task-list/create-task?taskId=_NEW_
?                                              +++++++++++++++++++++++++



        </pre>
            </div>
            <!--css div popup end-->

        </td>
    </tr>

    <tr id='ft16.4' class='none'>
        <td class='errorCase'>
            <div class='testcase'>test_04</div>
        </td>
        <td colspan='5' align='center'>

            <!--css div popup start-->
            <a class="popup_link" onfocus='this.blur();' href="javascript:showTestDetail('div_ft16.4')">
                error</a>

            <div id='div_ft16.4' class="popup_window">
                <div style='text-align: right; color:red;cursor:pointer'>
                    <a onfocus='this.blur();' onclick="document.getElementById('div_ft16.4').style.display = 'none' ">
                        [x]</a>
                </div>
                <pre>
        
ft16.4: Traceback (most recent call last):
  File "C:\Users\caiwenjie\PycharmProjects\selenium_demo\RPA_Console_testEnv\test_case\test_timing_dynamic_tasks.py", line 39, in test_04
    task_page.addTask_byTiming_dynamicAllocation_Daily()
  File "C:\Users\caiwenjie\PycharmProjects\selenium_demo\RPA_Console_testEnv\pageObject\taskPage.py", line 209, in addTask_byTiming_dynamicAllocation_Daily
    self.addTask_byTiming_dynamicAllocation()
  File "C:\Users\caiwenjie\PycharmProjects\selenium_demo\RPA_Console_testEnv\pageObject\taskPage.py", line 177, in addTask_byTiming_dynamicAllocation
    self.process_select(input_processName='编程')
  File "C:\Users\caiwenjie\PycharmProjects\selenium_demo\RPA_Console_testEnv\pageObject\taskPage.py", line 73, in process_select
    process_select_item=self.driver.find_element(By.XPATH,'/html/body/div[2]/div[2]/div/nz-option-container/div/cdk-virtual-scroll-viewport/div[1]/nz-option-item[1]')
  File "C:\Users\caiwenjie\PycharmProjects\selenium_demo\venv\lib\site-packages\selenium\webdriver\remote\webdriver.py", line 978, in find_element
    'value': value})['value']
  File "C:\Users\caiwenjie\PycharmProjects\selenium_demo\venv\lib\site-packages\selenium\webdriver\remote\webdriver.py", line 321, in execute
    self.error_handler.check_response(response)
  File "C:\Users\caiwenjie\PycharmProjects\selenium_demo\venv\lib\site-packages\selenium\webdriver\remote\errorhandler.py", line 242, in check_response
    raise exception_class(message, screen, stacktrace)
selenium.common.exceptions.NoSuchElementException: Message: no such element: Unable to locate element: {"method":"xpath","selector":"/html/body/div[2]/div[2]/div/nz-option-container/div/cdk-virtual-scroll-viewport/div[1]/nz-option-item[1]"}
  (Session info: chrome=89.0.4389.128)

Traceback (most recent call last):
  File "C:\Users\caiwenjie\PycharmProjects\selenium_demo\RPA_Console_testEnv\test_case\test_timing_dynamic_tasks.py", line 39, in test_04
    task_page.addTask_byTiming_dynamicAllocation_Daily()
  File "C:\Users\caiwenjie\PycharmProjects\selenium_demo\RPA_Console_testEnv\pageObject\taskPage.py", line 209, in addTask_byTiming_dynamicAllocation_Daily
    self.addTask_byTiming_dynamicAllocation()
  File "C:\Users\caiwenjie\PycharmProjects\selenium_demo\RPA_Console_testEnv\pageObject\taskPage.py", line 177, in addTask_byTiming_dynamicAllocation
    self.process_select(input_processName='编程')
  File "C:\Users\caiwenjie\PycharmProjects\selenium_demo\RPA_Console_testEnv\pageObject\taskPage.py", line 73, in process_select
    process_select_item=self.driver.find_element(By.XPATH,'/html/body/div[2]/div[2]/div/nz-option-container/div/cdk-virtual-scroll-viewport/div[1]/nz-option-item[1]')
  File "C:\Users\caiwenjie\PycharmProjects\selenium_demo\venv\lib\site-packages\selenium\webdriver\remote\webdriver.py", line 978, in find_element
    'value': value})['value']
  File "C:\Users\caiwenjie\PycharmProjects\selenium_demo\venv\lib\site-packages\selenium\webdriver\remote\webdriver.py", line 321, in execute
    self.error_handler.check_response(response)
  File "C:\Users\caiwenjie\PycharmProjects\selenium_demo\venv\lib\site-packages\selenium\webdriver\remote\errorhandler.py", line 242, in check_response
    raise exception_class(message, screen, stacktrace)
selenium.common.exceptions.NoSuchElementException: Message: no such element: Unable to locate element: {"method":"xpath","selector":"/html/body/div[2]/div[2]/div/nz-option-container/div/cdk-virtual-scroll-viewport/div[1]/nz-option-item[1]"}
  (Session info: chrome=89.0.4389.128)



        </pre>
            </div>
            <!--css div popup end-->

        </td>
    </tr>

    <tr id='ft16.5' class='none'>
        <td class='errorCase'>
            <div class='testcase'>test_05</div>
        </td>
        <td colspan='5' align='center'>

            <!--css div popup start-->
            <a class="popup_link" onfocus='this.blur();' href="javascript:showTestDetail('div_ft16.5')">
                error</a>

            <div id='div_ft16.5' class="popup_window">
                <div style='text-align: right; color:red;cursor:pointer'>
                    <a onfocus='this.blur();' onclick="document.getElementById('div_ft16.5').style.display = 'none' ">
                        [x]</a>
                </div>
                <pre>
        
ft16.5: Traceback (most recent call last):
  File "C:\Users\caiwenjie\PycharmProjects\selenium_demo\RPA_Console_testEnv\test_case\test_timing_dynamic_tasks.py", line 44, in test_05
    task_page.addTask_byTiming_dynamicAllocation_Weekly()
  File "C:\Users\caiwenjie\PycharmProjects\selenium_demo\RPA_Console_testEnv\pageObject\taskPage.py", line 220, in addTask_byTiming_dynamicAllocation_Weekly
    self.addTask_byTiming_dynamicAllocation()
  File "C:\Users\caiwenjie\PycharmProjects\selenium_demo\RPA_Console_testEnv\pageObject\taskPage.py", line 163, in addTask_byTiming_dynamicAllocation
    self.task_menu_list()
  File "C:\Users\caiwenjie\PycharmProjects\selenium_demo\RPA_Console_testEnv\pageObject\taskPage.py", line 40, in task_menu_list
    self.task_menu_btn().click()
  File "C:\Users\caiwenjie\PycharmProjects\selenium_demo\venv\lib\site-packages\selenium\webdriver\remote\webelement.py", line 80, in click
    self._execute(Command.CLICK_ELEMENT)
  File "C:\Users\caiwenjie\PycharmProjects\selenium_demo\venv\lib\site-packages\selenium\webdriver\remote\webelement.py", line 633, in _execute
    return self._parent.execute(command, params)
  File "C:\Users\caiwenjie\PycharmProjects\selenium_demo\venv\lib\site-packages\selenium\webdriver\remote\webdriver.py", line 321, in execute
    self.error_handler.check_response(response)
  File "C:\Users\caiwenjie\PycharmProjects\selenium_demo\venv\lib\site-packages\selenium\webdriver\remote\errorhandler.py", line 242, in check_response
    raise exception_class(message, screen, stacktrace)
selenium.common.exceptions.ElementClickInterceptedException: Message: element click intercepted: Element &lt;li nz-menu-item="" nz-tooltip="" nztooltipplacement="right" nzpopoveroverlayclassname="bixi-layout-menu-item-tooltip" class="bixi-menu-item ant-menu-item ng-star-inserted ant-menu-item-selected" tabindex="0" style="padding-left: 22px;"&gt;...&lt;/li&gt; is not clickable at point (96, 286). Other element would receive the click: &lt;div class="cdk-overlay-backdrop nz-overlay-transparent-backdrop cdk-overlay-backdrop-showing"&gt;&lt;/div&gt;
  (Session info: chrome=89.0.4389.128)

Traceback (most recent call last):
  File "C:\Users\caiwenjie\PycharmProjects\selenium_demo\RPA_Console_testEnv\test_case\test_timing_dynamic_tasks.py", line 44, in test_05
    task_page.addTask_byTiming_dynamicAllocation_Weekly()
  File "C:\Users\caiwenjie\PycharmProjects\selenium_demo\RPA_Console_testEnv\pageObject\taskPage.py", line 220, in addTask_byTiming_dynamicAllocation_Weekly
    self.addTask_byTiming_dynamicAllocation()
  File "C:\Users\caiwenjie\PycharmProjects\selenium_demo\RPA_Console_testEnv\pageObject\taskPage.py", line 163, in addTask_byTiming_dynamicAllocation
    self.task_menu_list()
  File "C:\Users\caiwenjie\PycharmProjects\selenium_demo\RPA_Console_testEnv\pageObject\taskPage.py", line 40, in task_menu_list
    self.task_menu_btn().click()
  File "C:\Users\caiwenjie\PycharmProjects\selenium_demo\venv\lib\site-packages\selenium\webdriver\remote\webelement.py", line 80, in click
    self._execute(Command.CLICK_ELEMENT)
  File "C:\Users\caiwenjie\PycharmProjects\selenium_demo\venv\lib\site-packages\selenium\webdriver\remote\webelement.py", line 633, in _execute
    return self._parent.execute(command, params)
  File "C:\Users\caiwenjie\PycharmProjects\selenium_demo\venv\lib\site-packages\selenium\webdriver\remote\webdriver.py", line 321, in execute
    self.error_handler.check_response(response)
  File "C:\Users\caiwenjie\PycharmProjects\selenium_demo\venv\lib\site-packages\selenium\webdriver\remote\errorhandler.py", line 242, in check_response
    raise exception_class(message, screen, stacktrace)
selenium.common.exceptions.ElementClickInterceptedException: Message: element click intercepted: Element &lt;li nz-menu-item="" nz-tooltip="" nztooltipplacement="right" nzpopoveroverlayclassname="bixi-layout-menu-item-tooltip" class="bixi-menu-item ant-menu-item ng-star-inserted ant-menu-item-selected" tabindex="0" style="padding-left: 22px;"&gt;...&lt;/li&gt; is not clickable at point (96, 286). Other element would receive the click: &lt;div class="cdk-overlay-backdrop nz-overlay-transparent-backdrop cdk-overlay-backdrop-showing"&gt;&lt;/div&gt;
  (Session info: chrome=89.0.4389.128)



        </pre>
            </div>
            <!--css div popup end-->

        </td>
    </tr>

    <tr id='ft16.6' class='none'>
        <td class='errorCase'>
            <div class='testcase'>test_06</div>
        </td>
        <td colspan='5' align='center'>

            <!--css div popup start-->
            <a class="popup_link" onfocus='this.blur();' href="javascript:showTestDetail('div_ft16.6')">
                error</a>

            <div id='div_ft16.6' class="popup_window">
                <div style='text-align: right; color:red;cursor:pointer'>
                    <a onfocus='this.blur();' onclick="document.getElementById('div_ft16.6').style.display = 'none' ">
                        [x]</a>
                </div>
                <pre>
        
ft16.6: Traceback (most recent call last):
  File "C:\Users\caiwenjie\PycharmProjects\selenium_demo\RPA_Console_testEnv\test_case\test_timing_dynamic_tasks.py", line 49, in test_06
    task_page.addTask_byTiming_dynamicAllocation_Monthly()
  File "C:\Users\caiwenjie\PycharmProjects\selenium_demo\RPA_Console_testEnv\pageObject\taskPage.py", line 231, in addTask_byTiming_dynamicAllocation_Monthly
    self.addTask_byTiming_dynamicAllocation()
  File "C:\Users\caiwenjie\PycharmProjects\selenium_demo\RPA_Console_testEnv\pageObject\taskPage.py", line 163, in addTask_byTiming_dynamicAllocation
    self.task_menu_list()
  File "C:\Users\caiwenjie\PycharmProjects\selenium_demo\RPA_Console_testEnv\pageObject\taskPage.py", line 40, in task_menu_list
    self.task_menu_btn().click()
  File "C:\Users\caiwenjie\PycharmProjects\selenium_demo\venv\lib\site-packages\selenium\webdriver\remote\webelement.py", line 80, in click
    self._execute(Command.CLICK_ELEMENT)
  File "C:\Users\caiwenjie\PycharmProjects\selenium_demo\venv\lib\site-packages\selenium\webdriver\remote\webelement.py", line 633, in _execute
    return self._parent.execute(command, params)
  File "C:\Users\caiwenjie\PycharmProjects\selenium_demo\venv\lib\site-packages\selenium\webdriver\remote\webdriver.py", line 321, in execute
    self.error_handler.check_response(response)
  File "C:\Users\caiwenjie\PycharmProjects\selenium_demo\venv\lib\site-packages\selenium\webdriver\remote\errorhandler.py", line 242, in check_response
    raise exception_class(message, screen, stacktrace)
selenium.common.exceptions.ElementClickInterceptedException: Message: element click intercepted: Element &lt;li nz-menu-item="" nz-tooltip="" nztooltipplacement="right" nzpopoveroverlayclassname="bixi-layout-menu-item-tooltip" class="bixi-menu-item ant-menu-item ng-star-inserted ant-menu-item-selected" tabindex="0" style="padding-left: 22px;"&gt;...&lt;/li&gt; is not clickable at point (96, 286). Other element would receive the click: &lt;div class="cdk-overlay-backdrop nz-overlay-transparent-backdrop cdk-overlay-backdrop-showing"&gt;&lt;/div&gt;
  (Session info: chrome=89.0.4389.128)

Traceback (most recent call last):
  File "C:\Users\caiwenjie\PycharmProjects\selenium_demo\RPA_Console_testEnv\test_case\test_timing_dynamic_tasks.py", line 49, in test_06
    task_page.addTask_byTiming_dynamicAllocation_Monthly()
  File "C:\Users\caiwenjie\PycharmProjects\selenium_demo\RPA_Console_testEnv\pageObject\taskPage.py", line 231, in addTask_byTiming_dynamicAllocation_Monthly
    self.addTask_byTiming_dynamicAllocation()
  File "C:\Users\caiwenjie\PycharmProjects\selenium_demo\RPA_Console_testEnv\pageObject\taskPage.py", line 163, in addTask_byTiming_dynamicAllocation
    self.task_menu_list()
  File "C:\Users\caiwenjie\PycharmProjects\selenium_demo\RPA_Console_testEnv\pageObject\taskPage.py", line 40, in task_menu_list
    self.task_menu_btn().click()
  File "C:\Users\caiwenjie\PycharmProjects\selenium_demo\venv\lib\site-packages\selenium\webdriver\remote\webelement.py", line 80, in click
    self._execute(Command.CLICK_ELEMENT)
  File "C:\Users\caiwenjie\PycharmProjects\selenium_demo\venv\lib\site-packages\selenium\webdriver\remote\webelement.py", line 633, in _execute
    return self._parent.execute(command, params)
  File "C:\Users\caiwenjie\PycharmProjects\selenium_demo\venv\lib\site-packages\selenium\webdriver\remote\webdriver.py", line 321, in execute
    self.error_handler.check_response(response)
  File "C:\Users\caiwenjie\PycharmProjects\selenium_demo\venv\lib\site-packages\selenium\webdriver\remote\errorhandler.py", line 242, in check_response
    raise exception_class(message, screen, stacktrace)
selenium.common.exceptions.ElementClickInterceptedException: Message: element click intercepted: Element &lt;li nz-menu-item="" nz-tooltip="" nztooltipplacement="right" nzpopoveroverlayclassname="bixi-layout-menu-item-tooltip" class="bixi-menu-item ant-menu-item ng-star-inserted ant-menu-item-selected" tabindex="0" style="padding-left: 22px;"&gt;...&lt;/li&gt; is not clickable at point (96, 286). Other element would receive the click: &lt;div class="cdk-overlay-backdrop nz-overlay-transparent-backdrop cdk-overlay-backdrop-showing"&gt;&lt;/div&gt;
  (Session info: chrome=89.0.4389.128)



        </pre>
            </div>
            <!--css div popup end-->

        </td>
    </tr>

    <tr id='ft16.7' class='none'>
        <td class='errorCase'>
            <div class='testcase'>test_07</div>
        </td>
        <td colspan='5' align='center'>

            <!--css div popup start-->
            <a class="popup_link" onfocus='this.blur();' href="javascript:showTestDetail('div_ft16.7')">
                error</a>

            <div id='div_ft16.7' class="popup_window">
                <div style='text-align: right; color:red;cursor:pointer'>
                    <a onfocus='this.blur();' onclick="document.getElementById('div_ft16.7').style.display = 'none' ">
                        [x]</a>
                </div>
                <pre>
        
ft16.7: Traceback (most recent call last):
  File "C:\Users\caiwenjie\PycharmProjects\selenium_demo\RPA_Console_testEnv\test_case\test_timing_dynamic_tasks.py", line 54, in test_07
    task_page.addTask_byTiming_dynamicAllocation_Once()
  File "C:\Users\caiwenjie\PycharmProjects\selenium_demo\RPA_Console_testEnv\pageObject\taskPage.py", line 242, in addTask_byTiming_dynamicAllocation_Once
    self.addTask_byTiming_dynamicAllocation()
  File "C:\Users\caiwenjie\PycharmProjects\selenium_demo\RPA_Console_testEnv\pageObject\taskPage.py", line 163, in addTask_byTiming_dynamicAllocation
    self.task_menu_list()
  File "C:\Users\caiwenjie\PycharmProjects\selenium_demo\RPA_Console_testEnv\pageObject\taskPage.py", line 40, in task_menu_list
    self.task_menu_btn().click()
  File "C:\Users\caiwenjie\PycharmProjects\selenium_demo\venv\lib\site-packages\selenium\webdriver\remote\webelement.py", line 80, in click
    self._execute(Command.CLICK_ELEMENT)
  File "C:\Users\caiwenjie\PycharmProjects\selenium_demo\venv\lib\site-packages\selenium\webdriver\remote\webelement.py", line 633, in _execute
    return self._parent.execute(command, params)
  File "C:\Users\caiwenjie\PycharmProjects\selenium_demo\venv\lib\site-packages\selenium\webdriver\remote\webdriver.py", line 321, in execute
    self.error_handler.check_response(response)
  File "C:\Users\caiwenjie\PycharmProjects\selenium_demo\venv\lib\site-packages\selenium\webdriver\remote\errorhandler.py", line 242, in check_response
    raise exception_class(message, screen, stacktrace)
selenium.common.exceptions.ElementClickInterceptedException: Message: element click intercepted: Element &lt;li nz-menu-item="" nz-tooltip="" nztooltipplacement="right" nzpopoveroverlayclassname="bixi-layout-menu-item-tooltip" class="bixi-menu-item ant-menu-item ng-star-inserted ant-menu-item-selected" tabindex="0" style="padding-left: 22px;"&gt;...&lt;/li&gt; is not clickable at point (96, 286). Other element would receive the click: &lt;div class="cdk-overlay-backdrop nz-overlay-transparent-backdrop cdk-overlay-backdrop-showing"&gt;&lt;/div&gt;
  (Session info: chrome=89.0.4389.128)

Traceback (most recent call last):
  File "C:\Users\caiwenjie\PycharmProjects\selenium_demo\RPA_Console_testEnv\test_case\test_timing_dynamic_tasks.py", line 54, in test_07
    task_page.addTask_byTiming_dynamicAllocation_Once()
  File "C:\Users\caiwenjie\PycharmProjects\selenium_demo\RPA_Console_testEnv\pageObject\taskPage.py", line 242, in addTask_byTiming_dynamicAllocation_Once
    self.addTask_byTiming_dynamicAllocation()
  File "C:\Users\caiwenjie\PycharmProjects\selenium_demo\RPA_Console_testEnv\pageObject\taskPage.py", line 163, in addTask_byTiming_dynamicAllocation
    self.task_menu_list()
  File "C:\Users\caiwenjie\PycharmProjects\selenium_demo\RPA_Console_testEnv\pageObject\taskPage.py", line 40, in task_menu_list
    self.task_menu_btn().click()
  File "C:\Users\caiwenjie\PycharmProjects\selenium_demo\venv\lib\site-packages\selenium\webdriver\remote\webelement.py", line 80, in click
    self._execute(Command.CLICK_ELEMENT)
  File "C:\Users\caiwenjie\PycharmProjects\selenium_demo\venv\lib\site-packages\selenium\webdriver\remote\webelement.py", line 633, in _execute
    return self._parent.execute(command, params)
  File "C:\Users\caiwenjie\PycharmProjects\selenium_demo\venv\lib\site-packages\selenium\webdriver\remote\webdriver.py", line 321, in execute
    self.error_handler.check_response(response)
  File "C:\Users\caiwenjie\PycharmProjects\selenium_demo\venv\lib\site-packages\selenium\webdriver\remote\errorhandler.py", line 242, in check_response
    raise exception_class(message, screen, stacktrace)
selenium.common.exceptions.ElementClickInterceptedException: Message: element click intercepted: Element &lt;li nz-menu-item="" nz-tooltip="" nztooltipplacement="right" nzpopoveroverlayclassname="bixi-layout-menu-item-tooltip" class="bixi-menu-item ant-menu-item ng-star-inserted ant-menu-item-selected" tabindex="0" style="padding-left: 22px;"&gt;...&lt;/li&gt; is not clickable at point (96, 286). Other element would receive the click: &lt;div class="cdk-overlay-backdrop nz-overlay-transparent-backdrop cdk-overlay-backdrop-showing"&gt;&lt;/div&gt;
  (Session info: chrome=89.0.4389.128)



        </pre>
            </div>
            <!--css div popup end-->

        </td>
    </tr>

    <tr class='passClass'>
        <td>test_timing_selecteRobot_tasks.tasksTest</td>
        <td>3</td>
        <td>3</td>
        <td>0</td>
        <td>0</td>
        <td><a href="javascript:showClassDetail('c17',3)">Detail</a></td>
    </tr>

    <tr id='pt17.1' class='hiddenRow'>
        <td class='none'>
            <div class='testcase'>test_01</div>
        </td>
        <td colspan='5' align='center'>pass</td>
    </tr>

    <tr id='pt17.2' class='hiddenRow'>
        <td class='none'>
            <div class='testcase'>test_02</div>
        </td>
        <td colspan='5' align='center'>pass</td>
    </tr>

    <tr id='pt17.3' class='hiddenRow'>
        <td class='none'>
            <div class='testcase'>test_03</div>
        </td>
        <td colspan='5' align='center'>

            <!--css div popup start-->
            <a class="popup_link" onfocus='this.blur();' href="javascript:showTestDetail('div_pt17.3')">
                pass</a>

            <div id='div_pt17.3' class="popup_window">
                <div style='text-align: right; color:red;cursor:pointer'>
                    <a onfocus='this.blur();' onclick="document.getElementById('div_pt17.3').style.display = 'none' ">
                        [x]</a>
                </div>
                <pre>
        
pt17.3: 

        </pre>
            </div>
            <!--css div popup end-->

        </td>
    </tr>

    <tr class='passClass'>
        <td>test_users.usersTest</td>
        <td>3</td>
        <td>3</td>
        <td>0</td>
        <td>0</td>
        <td><a href="javascript:showClassDetail('c18',3)">Detail</a></td>
    </tr>

    <tr id='pt18.1' class='hiddenRow'>
        <td class='none'>
            <div class='testcase'>test_01</div>
        </td>
        <td colspan='5' align='center'>pass</td>
    </tr>

    <tr id='pt18.2' class='hiddenRow'>
        <td class='none'>
            <div class='testcase'>test_02</div>
        </td>
        <td colspan='5' align='center'>pass</td>
    </tr>

    <tr id='pt18.3' class='hiddenRow'>
        <td class='none'>
            <div class='testcase'>test_03</div>
        </td>
        <td colspan='5' align='center'>

            <!--css div popup start-->
            <a class="popup_link" onfocus='this.blur();' href="javascript:showTestDetail('div_pt18.3')">
                pass</a>

            <div id='div_pt18.3' class="popup_window">
                <div style='text-align: right; color:red;cursor:pointer'>
                    <a onfocus='this.blur();' onclick="document.getElementById('div_pt18.3').style.display = 'none' ">
                        [x]</a>
                </div>
                <pre>
        
pt18.3: 

        </pre>
            </div>
            <!--css div popup end-->

        </td>
    </tr>

    <tr id='total_row'>
        <td>Total</td>
        <td>63</td>
        <td>52</td>
        <td>1</td>
        <td>10</td>
        <td>&nbsp;</td>
    </tr>
</table>

<div id='ending'>&nbsp;</div>

</body>
</html>
